0 info it worked if it ends with ok
1 verbose cli [ '/usr/local/bin/node', '/usr/local/bin/npm', 'run', 'test' ]
2 info using npm@3.10.10
3 info using node@v6.10.3
4 verbose run-script [ 'pretest', 'test', 'posttest' ]
5 info lifecycle apidoc@0.17.6~pretest: apidoc@0.17.6
6 silly lifecycle apidoc@0.17.6~pretest: no script for pretest, continuing
7 info lifecycle apidoc@0.17.6~test: apidoc@0.17.6
8 verbose lifecycle apidoc@0.17.6~test: unsafe-perm in lifecycle true
9 verbose lifecycle apidoc@0.17.6~test: PATH: /usr/local/lib/node_modules/npm/bin/node-gyp-bin:/Users/wangwei/Desktop/apidoc-master/node_modules/.bin:~/Library/Android/sdk/tools:~/Library/Android/sdk/platform-tools:/usr/local/bin:/usr/bin:/bin:/usr/sbin:/sbin:/Users/wangwei/.sdkman/candidates/gradle/current/bin:~/Library/Android/sdk/tools:~/Library/Android/sdk/platform-tools:/Applications/Android Studio.app/Contents/gradle/gradle-3.0/bin:/Applications/Android Studio.app/Contents/gradle/gradle-3.0/bin
10 verbose lifecycle apidoc@0.17.6~test: CWD: /Users/wangwei/Desktop/apidoc-master
11 silly lifecycle apidoc@0.17.6~test: Args: [ '-c', 'npm run jshint && mocha test/' ]
12 silly lifecycle apidoc@0.17.6~test: Returned: code: 2  signal: null
13 info lifecycle apidoc@0.17.6~test: Failed to exec test script
14 verbose stack Error: apidoc@0.17.6 test: `npm run jshint && mocha test/`
14 verbose stack Exit status 2
14 verbose stack     at EventEmitter.<anonymous> (/usr/local/lib/node_modules/npm/lib/utils/lifecycle.js:255:16)
14 verbose stack     at emitTwo (events.js:106:13)
14 verbose stack     at EventEmitter.emit (events.js:191:7)
14 verbose stack     at ChildProcess.<anonymous> (/usr/local/lib/node_modules/npm/lib/utils/spawn.js:40:14)
14 verbose stack     at emitTwo (events.js:106:13)
14 verbose stack     at ChildProcess.emit (events.js:191:7)
14 verbose stack     at maybeClose (internal/child_process.js:886:16)
14 verbose stack     at Process.ChildProcess._handle.onexit (internal/child_process.js:226:5)
15 verbose pkgid apidoc@0.17.6
16 verbose cwd /Users/wangwei/Desktop/apidoc-master
17 error Darwin 15.6.0
18 error argv "/usr/local/bin/node" "/usr/local/bin/npm" "run" "test"
19 error node v6.10.3
20 error npm  v3.10.10
21 error code ELIFECYCLE
22 error apidoc@0.17.6 test: `npm run jshint && mocha test/`
22 error Exit status 2
23 error Failed at the apidoc@0.17.6 test script 'npm run jshint && mocha test/'.
23 error Make sure you have the latest version of node.js and npm installed.
23 error If you do, this is most likely a problem with the apidoc package,
23 error not with npm itself.
23 error Tell the author that this fails on your system:
23 error     npm run jshint && mocha test/
23 error You can get information on how to open an issue for this project with:
23 error     npm bugs apidoc
23 error Or if that isn't available, you can get their info via:
23 error     npm owner ls apidoc
23 error There is likely additional logging output above.
24 verbose exit [ 1, true ]
